\BOOKMARK [0][-]{section*.1}{List of Tables}{}% 1
\BOOKMARK [0][-]{section*.2}{List of Figures}{}% 2
\BOOKMARK [0][-]{chapter.1}{DEMO CODES}{}% 3
\BOOKMARK [1][-]{section.1.1}{Lists}{chapter.1}% 4
\BOOKMARK [1][-]{section.1.2}{Short Tables}{chapter.1}% 5
\BOOKMARK [1][-]{section.1.3}{Images}{chapter.1}% 6
\BOOKMARK [1][-]{section.1.4}{PDF HORITZONTAL}{chapter.1}% 7
\BOOKMARK [0][-]{chapter.2}{Project Charter}{}% 8
\BOOKMARK [1][-]{section.2.1}{Project Purpose and Justification}{chapter.2}% 9
\BOOKMARK [2][-]{subsection.2.1.1}{Vision}{section.2.1}% 10
\BOOKMARK [2][-]{subsection.2.1.2}{Objectives}{section.2.1}% 11
\BOOKMARK [2][-]{subsection.2.1.3}{Scope}{section.2.1}% 12
\BOOKMARK [1][-]{section.2.2}{Project Description}{chapter.2}% 13
\BOOKMARK [1][-]{section.2.3}{High-Level Requirements}{chapter.2}% 14
\BOOKMARK [2][-]{subsection.2.3.1}{Call for proposals requirements}{section.2.3}% 15
\BOOKMARK [2][-]{subsection.2.3.2}{Technical requirements}{section.2.3}% 16
\BOOKMARK [2][-]{subsection.2.3.3}{Business requirements}{section.2.3}% 17
\BOOKMARK [1][-]{section.2.4}{Acceptance Criteria}{chapter.2}% 18
\BOOKMARK [1][-]{section.2.5}{High-Level Risks}{chapter.2}% 19
\BOOKMARK [1][-]{section.2.6}{Project deliverables}{chapter.2}% 20
\BOOKMARK [1][-]{section.2.7}{Project milestones}{chapter.2}% 21
\BOOKMARK [1][-]{section.2.8}{Project Objectives}{chapter.2}% 22
\BOOKMARK [1][-]{section.2.9}{Estimated Budget}{chapter.2}% 23
\BOOKMARK [1][-]{section.2.10}{Project organization}{chapter.2}% 24
\BOOKMARK [2][-]{subsection.2.10.1}{Customers}{section.2.10}% 25
\BOOKMARK [2][-]{subsection.2.10.2}{Stakeholders}{section.2.10}% 26
\BOOKMARK [2][-]{subsection.2.10.3}{Roles and responsibilities}{section.2.10}% 27
\BOOKMARK [0][-]{chapter.3}{Stakeholder identification}{}% 28
\BOOKMARK [1][-]{section.3.1}{Stakeholder analysis graphic}{chapter.3}% 29
\BOOKMARK [1][-]{section.3.2}{Stakeholder register}{chapter.3}% 30
\BOOKMARK [0][-]{chapter.4}{Bibliography}{}% 31
